Arguments: 
  C:\Program Files\nodejs\node.exe C:\Users\ivan\AppData\Roaming\npm\node_modules\yarn\bin\yarn.js add @material-ui/core@latest

PATH: 
  C:\Program Files\Git\mingw64\bin;C:\Program Files\Git\usr\bin;C:\Users\ivan\bin;C:\WINDOWS\system32;C:\WINDOWS;C:\WINDOWS\System32\Wbem;C:\WINDOWS\System32\WindowsPowerShell\v1.0;C:\WINDOWS\System32\OpenSSH;C:\Program Files\AMD\StoreMI\ECmd;C:\Program Files (x86)\NVIDIA Corporation\PhysX\Common;C:\Program Files\NVIDIA Corporation\NVIDIA NvDLISR;C:\Program Files\nodejs;C:\Program Files\Git\cmd;C:\WINDOWS\system32;C:\WINDOWS;C:\WINDOWS\System32\Wbem;C:\WINDOWS\System32\WindowsPowerShell\v1.0;C:\WINDOWS\System32\OpenSSH;C:\Users\ivan\AppData\Local\Microsoft\WindowsApps;C:\Users\ivan\AppData\Roaming\npm;C:\Users\ivan\AppData\Local\Programs\Microsoft VS Code\bin;C:\Users\ivan\AppData\Local\GitHubDesktop\bin;%USERPROFILE%\AppData\Local\Microsoft\WindowsApps

Yarn version: 
  1.17.3

Node version: 
  10.15.3

Platform: 
  win32 x64

Trace: 
  Error: EPERM: operation not permitted, unlink 'C:\Users\ivan\develop\react\react-invoices\node_modules\node-sass\vendor\win32-x64-64\binding.node'

npm manifest: 
  {
    "name": "work-orders",
    "version": "1.0.0",
    "main": "index.js",
    "author": "ivanlhz",
    "license": "MIT",
    "scripts": {
      "start": "webpack-dev-server --hot --mode development --config config/webpack.base.conf.js",
      "build": "webpack  --mode production --config config/webpack.prod.config.js --env.NODE_ENV=production --progress"
    },
    "dependencies": {
      "@material-ui/core": "^1.1.0",
      "@material-ui/icons": "^1.1.0",
      "file-saver": "^1.3.8",
      "html-webpack-plugin": "^3.2.0",
      "prop-types": "^15.6.2",
      "react": "^16.4.0",
      "react-dom": "^16.4.0",
      "blob-stream": "^0.1.3",
      "brace": "^0.11.1",
      "pdfkit": "^0.10.0"
    },
    "devDependencies": {
      "@babel/core": "^7.2.0",
      "@babel/plugin-proposal-class-properties": "^7.7.4",
      "@babel/preset-env": "^7.2.0",
      "@babel/preset-react": "^7.0.0-beta.49",
      "arraybuffer-loader": "^1.0.8",
      "babel-loader": "^8.0.0-beta.4",
      "brfs": "^2.0.2",
      "css-loader": "^3.4.1",
      "extract-text-webpack-plugin": "^4.0.0-beta.0",
      "fs": "0.0.1-security",
      "html-webpack-plugin": "^3.2.0",
      "node-sass": "^4.9.2",
      "optimize-css-assets-webpack-plugin": "^5.0.3",
      "raw-loader": "^3.1.0",
      "sass-loader": "^7.0.1",
      "string-replace-webpack-plugin": "^0.1.3",
      "style-loader": "^0.21.0",
      "transform-loader": "^0.2.4",
      "uglifyjs-webpack-plugin": "^1.2.5",
      "webpack": "^4.41.2",
      "webpack-cli": "^3.3.10",
      "webpack-dev-server": "^3.10.1",
      "webpack-merge": "^4.1.2"
    }
  }

yarn manifest: 
  No manifest

Lockfile: 
  No lockfile
